Compiling the C compiler identification source file "CMakeCCompilerId.c" failed.
Compiler: /Library/Developer/CommandLineTools/usr 
Build flags: 
Id flags:  

The output was:
Permission denied


Compiling the C compiler identification source file "CMakeCCompilerId.c" failed.
Compiler: /Library/Developer/CommandLineTools/usr 
Build flags: 
Id flags: -c 

The output was:
Permission denied


Compiling the C compiler identification source file "CMakeCCompilerId.c" failed.
Compiler: /Library/Developer/CommandLineTools/usr 
Build flags: 
Id flags: -Aa 

The output was:
Permission denied


Compiling the C compiler identification source file "CMakeCCompilerId.c" failed.
Compiler: /Library/Developer/CommandLineTools/usr 
Build flags: 
Id flags: -D__CLASSIC_C__ 

The output was:
Permission denied


Compiling the C compiler identification source file "CMakeCCompilerId.c" failed.
Compiler: /Library/Developer/CommandLineTools/usr 
Build flags: 
Id flags:  

The output was:
Permission denied


Compiling the C compiler identification source file "CMakeCCompilerId.c" failed.
Compiler: /Library/Developer/CommandLineTools/usr 
Build flags: 
Id flags: -c 

The output was:
Permission denied


Compiling the C compiler identification source file "CMakeCCompilerId.c" failed.
Compiler: /Library/Developer/CommandLineTools/usr 
Build flags: 
Id flags: -Aa 

The output was:
Permission denied


Compiling the C compiler identification source file "CMakeCCompilerId.c" failed.
Compiler: /Library/Developer/CommandLineTools/usr 
Build flags: 
Id flags: -D__CLASSIC_C__ 

The output was:
Permission denied


Checking whether the C compiler is IAR using "" did not match "IAR .+ Compiler":
Checking whether the C compiler is IAR using "" did not match "IAR .+ Compiler":
Determining if the C compiler works failed with the following output:
Change Dir: /Users/thvadora/Documents/dev/FaMAF/Algo2/ayed2-2018/semana06/cmake-build-debug/CMakeFiles/CMakeTmp

Run Build Command:"/usr/bin/make" "cmTC_13a2d/fast"
/Library/Developer/CommandLineTools/usr/bin/make -f CMakeFiles/cmTC_13a2d.dir/build.make CMakeFiles/cmTC_13a2d.dir/build
Building C object CMakeFiles/cmTC_13a2d.dir/testCCompiler.c.o
/Library/Developer/CommandLineTools/usr    -o CMakeFiles/cmTC_13a2d.dir/testCCompiler.c.o   -c /Users/thvadora/Documents/dev/FaMAF/Algo2/ayed2-2018/semana06/cmake-build-debug/CMakeFiles/CMakeTmp/testCCompiler.c
make[1]: /Library/Developer/CommandLineTools/usr: Permission denied
make[1]: *** [CMakeFiles/cmTC_13a2d.dir/testCCompiler.c.o] Error 1
make: *** [cmTC_13a2d/fast] Error 2


